/tmp/tmpXX6wJlyT.asm:
     1                          MODULE z80_crt_asm_m4
     2                          LINE 0, "/home/derek/BEETLE/Derek/dev/Spectrum/DevelopmentTools/Z88DK//z88dk/lib/config/../..//libsrc/_DEVELOPMENT/target/z80/z80_crt.asm.m4"
/home/derek/BEETLE/Derek/dev/Spectrum/DevelopmentTools/Z88DK//z88dk/lib/config/../..//libsrc/_DEVELOPMENT/target/z80/z80_crt.asm.m4:
                                
     1                          
     2                          ;;;;;;;;;;;;;;;;;;;;;;;;;;;;;;;;;;;;;;;;;;;;;;;;;;;;;;;;;;;;;;;
     3                          ; SELECT CRT0 FROM -STARTUP=N COMMANDLINE OPTION ;;;;;;;;;;;;;;
     4                          ;;;;;;;;;;;;;;;;;;;;;;;;;;;;;;;;;;;;;;;;;;;;;;;;;;;;;;;;;;;;;;;
     5                          
     6                          
     7                          IF !DEFINED_startup
     8                          	defc	DEFINED_startup = 1
     9                          	defc startup = 31
    10                          	IFNDEF startup
    11                          	ENDIF
    12                          ENDIF
    13                          
    14                          
    15                          IF !DEFINED_CRT_ORG_CODE
    16                          	defc	DEFINED_CRT_ORG_CODE  = 1
    17                          	defc CRT_ORG_CODE  = 0
    18                          	IFNDEF CRT_ORG_CODE
    19                          	ENDIF
    20                          ENDIF
    21                          
    22                          
    23                          IF !DEFINED_CRT_INCLUDE_PREAMBLE
    24                          	defc	DEFINED_CRT_INCLUDE_PREAMBLE  = 1
    25                          	defc CRT_INCLUDE_PREAMBLE  = 0
    26                          	IFNDEF CRT_INCLUDE_PREAMBLE
    27                          	ENDIF
    28                          ENDIF
    29                          
    30                          
    31                          IF !DEFINED_CRT_MODEL
    32                          	defc	DEFINED_CRT_MODEL  = 1
    33                          	defc CRT_MODEL  = 0
    34                          	IFNDEF CRT_MODEL
    35                          	ENDIF
    36                          ENDIF
    37                          
    38                          
    39                          IF !DEFINED_REGISTER_SP
    40                          	defc	DEFINED_REGISTER_SP  = 1
    41                          	defc REGISTER_SP  = 0x7fff
    42                          	IFNDEF REGISTER_SP
    43                          	ENDIF
    44                          ENDIF
    45                          
    46                          
    47                          IF !DEFINED_CLIB_MALLOC_HEAP_SIZE
    48                          	defc	DEFINED_CLIB_MALLOC_HEAP_SIZE  = 1
    49                          	defc CLIB_MALLOC_HEAP_SIZE  = 0
    50                          	IFNDEF CLIB_MALLOC_HEAP_SIZE
    51                          	ENDIF
    52                          ENDIF
    53                          
    54                          
    55                          IF !DEFINED_CLIB_STDIO_HEAP_SIZE
    56                          	defc	DEFINED_CLIB_STDIO_HEAP_SIZE  = 1
    57                          	defc CLIB_STDIO_HEAP_SIZE  = 0
    58                          	IFNDEF CLIB_STDIO_HEAP_SIZE
    59                          	ENDIF
    60                          ENDIF
    61                          
    62                          
    63                          IF !DEFINED_CRT_ORG_VECTOR_TABLE
    64                          	defc	DEFINED_CRT_ORG_VECTOR_TABLE  = 1
    65                          	defc CRT_ORG_VECTOR_TABLE  = 0
    66                          	IFNDEF CRT_ORG_VECTOR_TABLE
    67                          	ENDIF
    68                          ENDIF
    69                          
    70                          
    71                          IF !DEFINED_CRT_ENABLE_RST
    72                          	defc	DEFINED_CRT_ENABLE_RST  = 1
    73                          	defc CRT_ENABLE_RST  = 0
    74                          	IFNDEF CRT_ENABLE_RST
    75                          	ENDIF
    76                          ENDIF
    77                          
    78                          
    79                          IF !DEFINED_CRT_ENABLE_EIDI
    80                          	defc	DEFINED_CRT_ENABLE_EIDI  = 1
    81                          	defc CRT_ENABLE_EIDI  = 0x1
    82                          	IFNDEF CRT_ENABLE_EIDI
    83                          	ENDIF
    84                          ENDIF
    85                          
    86                          
    87                          IF !DEFINED_CRT_INTERRUPT_MODE
    88                          	defc	DEFINED_CRT_INTERRUPT_MODE  = 1
    89                          	defc CRT_INTERRUPT_MODE  = -1
    90                          	IFNDEF CRT_INTERRUPT_MODE
    91                          	ENDIF
    92                          ENDIF
    93                          
    94                          
    95                          
    96                          
    97                          
    98                          
    99                          IFNDEF startup
   100                          
   101                             ; startup undefined so select a default
   102                          
   103                             defc startup = 31
   104                          
   105                          ENDIF
   106                          
   107                          
   108                          ;;;;;;;;;;;;;;;;;;;;;;;;;;;;;;;;;;;;;;;;;;;;;;;;;;;;;;;;;;;;;;;
   109                          ;; user supplied crt ;;;;;;;;;;;;;;;;;;;;;;;;;;;;;;;;;;;;;;;;;;
   110                          ;;;;;;;;;;;;;;;;;;;;;;;;;;;;;;;;;;;;;;;;;;;;;;;;;;;;;;;;;;;;;;;
   111                          
   112                          
   113                          
   114                          ;;;;;;;;;;;;;;;;;;;;;;;;;;;;;;;;;;;;;;;;;;;;;;;;;;;;;;;;;;;;;;;
   115                          ;; ram model ;;;;;;;;;;;;;;;;;;;;;;;;;;;;;;;;;;;;;;;;;;;;;;;;;;
   116                          ;;;;;;;;;;;;;;;;;;;;;;;;;;;;;;;;;;;;;;;;;;;;;;;;;;;;;;;;;;;;;;;
   117                          
   118                          
   119                          
   120                          ;;;;;;;;;;;;;;;;;;;;;;;;;;;;;;;;;;;;;;;;;;;;;;;;;;;;;;;;;;;;;;;
   121                          ;; rom model ;;;;;;;;;;;;;;;;;;;;;;;;;;;;;;;;;;;;;;;;;;;;;;;;;;
   122                          ;;;;;;;;;;;;;;;;;;;;;;;;;;;;;;;;;;;;;;;;;;;;;;;;;;;;;;;;;;;;;;;
   123                          
   124                          
   125                          
   126                          ;;;;;;;;;;;;;;;;;;;;;;;;;;;;;;;;;;;;;;;;;;;;;;;;;;;;;;;;;;;;;;;
   127                          ;; compressed rom model ;;;;;;;;;;;;;;;;;;;;;;;;;;;;;;;;;;;;;;;
   128                          ;;;;;;;;;;;;;;;;;;;;;;;;;;;;;;;;;;;;;;;;;;;;;;;;;;;;;;;;;;;;;;;
   129                          
   130                          
   131                          
