/tmp/tmpXXZiWBAW.asm:
     1                          MODULE switcher_c
     2                          LINE 0, "switcher.c"
switcher.c:
                                
     1                          ;--------------------------------------------------------
     2                          ; File Created by SDCC : free open source ANSI-C Compiler
     3                          ; Version 4.2.0 #13131 (Linux)
     4                          ;--------------------------------------------------------
     5                          ; Processed by Z88DK
     6                          ;--------------------------------------------------------
     7                          
     8                          	EXTERN __divschar
     9                          	EXTERN __divschar_callee
    10                          	EXTERN __divsint
    11                          	EXTERN __divsint_callee
    12                          	EXTERN __divslong
    13                          	EXTERN __divslong_callee
    14                          	EXTERN __divslonglong
    15                          	EXTERN __divslonglong_callee
    16                          	EXTERN __divsuchar
    17                          	EXTERN __divsuchar_callee
    18                          	EXTERN __divuchar
    19                          	EXTERN __divuchar_callee
    20                          	EXTERN __divuint
    21                          	EXTERN __divuint_callee
    22                          	EXTERN __divulong
    23                          	EXTERN __divulong_callee
    24                          	EXTERN __divulonglong
    25                          	EXTERN __divulonglong_callee
    26                          	EXTERN __divuschar
    27                          	EXTERN __divuschar_callee
    28                          	EXTERN __modschar
    29                          	EXTERN __modschar_callee
    30                          	EXTERN __modsint
    31                          	EXTERN __modsint_callee
    32                          	EXTERN __modslong
    33                          	EXTERN __modslong_callee
    34                          	EXTERN __modslonglong
    35                          	EXTERN __modslonglong_callee
    36                          	EXTERN __modsuchar
    37                          	EXTERN __modsuchar_callee
    38                          	EXTERN __moduchar
    39                          	EXTERN __moduchar_callee
    40                          	EXTERN __moduint
    41                          	EXTERN __moduint_callee
    42                          	EXTERN __modulong
    43                          	EXTERN __modulong_callee
    44                          	EXTERN __modulonglong
    45                          	EXTERN __modulonglong_callee
    46                          	EXTERN __moduschar
    47                          	EXTERN __moduschar_callee
    48                          	EXTERN __mulint
    49                          	EXTERN __mulint_callee
    50                          	EXTERN __mullong
    51                          	EXTERN __mullong_callee
    52                          	EXTERN __mullonglong
    53                          	EXTERN __mullonglong_callee
    54                          	EXTERN __mulschar
    55                          	EXTERN __mulschar_callee
    56                          	EXTERN __mulsuchar
    57                          	EXTERN __mulsuchar_callee
    58                          	EXTERN __muluchar
    59                          	EXTERN __muluchar_callee
    60                          	EXTERN __muluschar
    61                          	EXTERN __muluschar_callee
    62                          	EXTERN __rlslonglong
    63                          	EXTERN __rlslonglong_callee
    64                          	EXTERN __rlulonglong
    65                          	EXTERN __rlulonglong_callee
    66                          	EXTERN __rrslonglong
    67                          	EXTERN __rrslonglong_callee
    68                          	EXTERN __rrulonglong
    69                          	EXTERN __rrulonglong_callee
    70                          	EXTERN ___mulsint2slong
    71                          	EXTERN ___mulsint2slong_callee
    72                          	EXTERN ___muluint2ulong
    73                          	EXTERN ___muluint2ulong_callee
    74                          	EXTERN ___sdcc_call_hl
    75                          	EXTERN ___sdcc_call_iy
    76                          	EXTERN ___sdcc_enter_ix
    77                          	EXTERN banked_call
    78                          	EXTERN _banked_ret
    79                          	EXTERN ___fs2schar
    80                          	EXTERN ___fs2schar_callee
    81                          	EXTERN ___fs2sint
    82                          	EXTERN ___fs2sint_callee
    83                          	EXTERN ___fs2slong
    84                          	EXTERN ___fs2slong_callee
    85                          	EXTERN ___fs2slonglong
    86                          	EXTERN ___fs2slonglong_callee
    87                          	EXTERN ___fs2uchar
    88                          	EXTERN ___fs2uchar_callee
    89                          	EXTERN ___fs2uint
    90                          	EXTERN ___fs2uint_callee
    91                          	EXTERN ___fs2ulong
    92                          	EXTERN ___fs2ulong_callee
    93                          	EXTERN ___fs2ulonglong
    94                          	EXTERN ___fs2ulonglong_callee
    95                          	EXTERN ___fsadd
    96                          	EXTERN ___fsadd_callee
    97                          	EXTERN ___fsdiv
    98                          	EXTERN ___fsdiv_callee
    99                          	EXTERN ___fseq
   100                          	EXTERN ___fseq_callee
   101                          	EXTERN ___fsgt
   102                          	EXTERN ___fsgt_callee
   103                          	EXTERN ___fslt
   104                          	EXTERN ___fslt_callee
   105                          	EXTERN ___fsmul
   106                          	EXTERN ___fsmul_callee
   107                          	EXTERN ___fsneq
   108                          	EXTERN ___fsneq_callee
   109                          	EXTERN ___fssub
   110                          	EXTERN ___fssub_callee
   111                          	EXTERN ___schar2fs
   112                          	EXTERN ___schar2fs_callee
   113                          	EXTERN ___sint2fs
   114                          	EXTERN ___sint2fs_callee
   115                          	EXTERN ___slong2fs
   116                          	EXTERN ___slong2fs_callee
   117                          	EXTERN ___slonglong2fs
   118                          	EXTERN ___slonglong2fs_callee
   119                          	EXTERN ___uchar2fs
   120                          	EXTERN ___uchar2fs_callee
   121                          	EXTERN ___uint2fs
   122                          	EXTERN ___uint2fs_callee
   123                          	EXTERN ___ulong2fs
   124                          	EXTERN ___ulong2fs_callee
   125                          	EXTERN ___ulonglong2fs
   126                          	EXTERN ___ulonglong2fs_callee
   127                          	EXTERN ____sdcc_2_copy_src_mhl_dst_deix
   128                          	EXTERN ____sdcc_2_copy_src_mhl_dst_bcix
   129                          	EXTERN ____sdcc_4_copy_src_mhl_dst_deix
   130                          	EXTERN ____sdcc_4_copy_src_mhl_dst_bcix
   131                          	EXTERN ____sdcc_4_copy_src_mhl_dst_mbc
   132                          	EXTERN ____sdcc_4_ldi_nosave_bc
   133                          	EXTERN ____sdcc_4_ldi_save_bc
   134                          	EXTERN ____sdcc_4_push_hlix
   135                          	EXTERN ____sdcc_4_push_mhl
   136                          	EXTERN ____sdcc_lib_setmem_hl
   137                          	EXTERN ____sdcc_ll_add_de_bc_hl
   138                          	EXTERN ____sdcc_ll_add_de_bc_hlix
   139                          	EXTERN ____sdcc_ll_add_de_hlix_bc
   140                          	EXTERN ____sdcc_ll_add_de_hlix_bcix
   141                          	EXTERN ____sdcc_ll_add_deix_bc_hl
   142                          	EXTERN ____sdcc_ll_add_deix_hlix
   143                          	EXTERN ____sdcc_ll_add_hlix_bc_deix
   144                          	EXTERN ____sdcc_ll_add_hlix_deix_bc
   145                          	EXTERN ____sdcc_ll_add_hlix_deix_bcix
   146                          	EXTERN ____sdcc_ll_asr_hlix_a
   147                          	EXTERN ____sdcc_ll_asr_mbc_a
   148                          	EXTERN ____sdcc_ll_copy_src_de_dst_hlix
   149                          	EXTERN ____sdcc_ll_copy_src_de_dst_hlsp
   150                          	EXTERN ____sdcc_ll_copy_src_deix_dst_hl
   151                          	EXTERN ____sdcc_ll_copy_src_deix_dst_hlix
   152                          	EXTERN ____sdcc_ll_copy_src_deixm_dst_hlsp
   153                          	EXTERN ____sdcc_ll_copy_src_desp_dst_hlsp
   154                          	EXTERN ____sdcc_ll_copy_src_hl_dst_de
   155                          	EXTERN ____sdcc_ll_copy_src_hlsp_dst_de
   156                          	EXTERN ____sdcc_ll_copy_src_hlsp_dst_deixm
   157                          	EXTERN ____sdcc_ll_lsl_hlix_a
   158                          	EXTERN ____sdcc_ll_lsl_mbc_a
   159                          	EXTERN ____sdcc_ll_lsr_hlix_a
   160                          	EXTERN ____sdcc_ll_lsr_mbc_a
   161                          	EXTERN ____sdcc_ll_push_hlix
   162                          	EXTERN ____sdcc_ll_push_mhl
   163                          	EXTERN ____sdcc_ll_sub_de_bc_hl
   164                          	EXTERN ____sdcc_ll_sub_de_bc_hlix
   165                          	EXTERN ____sdcc_ll_sub_de_hlix_bc
   166                          	EXTERN ____sdcc_ll_sub_de_hlix_bcix
   167                          	EXTERN ____sdcc_ll_sub_deix_bc_hl
   168                          	EXTERN ____sdcc_ll_sub_deix_hlix
   169                          	EXTERN ____sdcc_ll_sub_hlix_bc_deix
   170                          	EXTERN ____sdcc_ll_sub_hlix_deix_bc
   171                          	EXTERN ____sdcc_ll_sub_hlix_deix_bcix
   172                          	EXTERN ____sdcc_load_debc_deix
   173                          	EXTERN ____sdcc_load_dehl_deix
   174                          	EXTERN ____sdcc_load_debc_mhl
   175                          	EXTERN ____sdcc_load_hlde_mhl
   176                          	EXTERN ____sdcc_store_dehl_bcix
   177                          	EXTERN ____sdcc_store_debc_hlix
   178                          	EXTERN ____sdcc_store_debc_mhl
   179                          	EXTERN ____sdcc_cpu_pop_ei
   180                          	EXTERN ____sdcc_cpu_pop_ei_jp
   181                          	EXTERN ____sdcc_cpu_push_di
   182                          	EXTERN ____sdcc_outi
   183                          	EXTERN ____sdcc_outi_128
   184                          	EXTERN ____sdcc_outi_256
   185                          	EXTERN ____sdcc_ldi
   186                          	EXTERN ____sdcc_ldi_128
   187                          	EXTERN ____sdcc_ldi_256
   188                          	EXTERN ____sdcc_4_copy_srcd_hlix_dst_deix
   189                          	EXTERN ____sdcc_4_and_src_mbc_mhl_dst_deix
   190                          	EXTERN ____sdcc_4_or_src_mbc_mhl_dst_deix
   191                          	EXTERN ____sdcc_4_xor_src_mbc_mhl_dst_deix
   192                          	EXTERN ____sdcc_4_or_src_dehl_dst_bcix
   193                          	EXTERN ____sdcc_4_xor_src_dehl_dst_bcix
   194                          	EXTERN ____sdcc_4_and_src_dehl_dst_bcix
   195                          	EXTERN ____sdcc_4_xor_src_mbc_mhl_dst_debc
   196                          	EXTERN ____sdcc_4_or_src_mbc_mhl_dst_debc
   197                          	EXTERN ____sdcc_4_and_src_mbc_mhl_dst_debc
   198                          	EXTERN ____sdcc_4_cpl_src_mhl_dst_debc
   199                          	EXTERN ____sdcc_4_xor_src_debc_mhl_dst_debc
   200                          	EXTERN ____sdcc_4_or_src_debc_mhl_dst_debc
   201                          	EXTERN ____sdcc_4_and_src_debc_mhl_dst_debc
   202                          	EXTERN ____sdcc_4_and_src_debc_hlix_dst_debc
   203                          	EXTERN ____sdcc_4_or_src_debc_hlix_dst_debc
   204                          	EXTERN ____sdcc_4_xor_src_debc_hlix_dst_debc
   205                          
   206                          ;--------------------------------------------------------
   207                          ; Public variables in this module
   208                          ;--------------------------------------------------------
   209                          	GLOBAL _main
   210                          ;--------------------------------------------------------
   211                          ; Externals used
   212                          ;--------------------------------------------------------
   213                          	GLOBAL _intrinsic_swap_word_32_fastcall
   214                          	GLOBAL _intrinsic_swap_word_32
   215                          	GLOBAL _intrinsic_swap_endian_32_fastcall
   216                          	GLOBAL _intrinsic_swap_endian_32
   217                          	GLOBAL _intrinsic_swap_endian_16_fastcall
   218                          	GLOBAL _intrinsic_swap_endian_16
   219                          	GLOBAL _intrinsic_return_de
   220                          	GLOBAL _intrinsic_return_bc
   221                          	GLOBAL _intrinsic_exx
   222                          	GLOBAL _intrinsic_ex_de_hl
   223                          	GLOBAL _intrinsic_nop
   224                          	GLOBAL _intrinsic_im_2
   225                          	GLOBAL _intrinsic_im_1
   226                          	GLOBAL _intrinsic_im_0
   227                          	GLOBAL _intrinsic_retn
   228                          	GLOBAL _intrinsic_reti
   229                          	GLOBAL _intrinsic_halt
   230                          	GLOBAL _intrinsic_ei
   231                          	GLOBAL _intrinsic_di
   232                          	GLOBAL _intrinsic_stub
   233                          	GLOBAL _intrinsic_ini
   234                          	GLOBAL _intrinsic_outi
   235                          	GLOBAL _intrinsic_ldi
   236                          	GLOBAL _z80_otdr_callee
   237                          	GLOBAL _z80_otdr
   238                          	GLOBAL _z80_otir_callee
   239                          	GLOBAL _z80_otir
   240                          	GLOBAL _z80_outp_callee
   241                          	GLOBAL _z80_outp
   242                          	GLOBAL _z80_indr_callee
   243                          	GLOBAL _z80_indr
   244                          	GLOBAL _z80_inir_callee
   245                          	GLOBAL _z80_inir
   246                          	GLOBAL _z80_inp_fastcall
   247                          	GLOBAL _z80_inp
   248                          	GLOBAL _z80_set_int_state_fastcall
   249                          	GLOBAL _z80_set_int_state
   250                          	GLOBAL _z80_get_int_state
   251                          	GLOBAL _z80_delay_tstate_fastcall
   252                          	GLOBAL _z80_delay_tstate
   253                          	GLOBAL _z80_delay_ms_fastcall
   254                          	GLOBAL _z80_delay_ms
   255                          	GLOBAL _im2_remove_generic_callback_callee
   256                          	GLOBAL _im2_remove_generic_callback
   257                          	GLOBAL _im2_prepend_generic_callback_callee
   258                          	GLOBAL _im2_prepend_generic_callback
   259                          	GLOBAL _im2_append_generic_callback_callee
   260                          	GLOBAL _im2_append_generic_callback
   261                          	GLOBAL _im2_create_generic_isr_8080_callee
   262                          	GLOBAL _im2_create_generic_isr_8080
   263                          	GLOBAL _im2_create_generic_isr_callee
   264                          	GLOBAL _im2_create_generic_isr
   265                          	GLOBAL _im2_install_isr_callee
   266                          	GLOBAL _im2_install_isr
   267                          	GLOBAL _im2_init_fastcall
   268                          	GLOBAL _im2_init
   269                          	GLOBAL _ffsll_callee
   270                          	GLOBAL _ffsll
   271                          	GLOBAL _strxfrm_callee
   272                          	GLOBAL _strxfrm
   273                          	GLOBAL _strupr_fastcall
   274                          	GLOBAL _strupr
   275                          	GLOBAL _strtok_r_callee
   276                          	GLOBAL _strtok_r
   277                          	GLOBAL _strtok_callee
   278                          	GLOBAL _strtok
   279                          	GLOBAL _strstrip_fastcall
   280                          	GLOBAL _strstrip
   281                          	GLOBAL _strstr_callee
   282                          	GLOBAL _strstr
   283                          	GLOBAL _strspn_callee
   284                          	GLOBAL _strspn
   285                          	GLOBAL _strsep_callee
   286                          	GLOBAL _strsep
   287                          	GLOBAL _strrstrip_fastcall
   288                          	GLOBAL _strrstrip
   289                          	GLOBAL _strrstr_callee
   290                          	GLOBAL _strrstr
   291                          	GLOBAL _strrspn_callee
   292                          	GLOBAL _strrspn
   293                          	GLOBAL _strrev_fastcall
   294                          	GLOBAL _strrev
   295                          	GLOBAL _strrcspn_callee
   296                          	GLOBAL _strrcspn
   297                          	GLOBAL _strrchr_callee
   298                          	GLOBAL _strrchr
   299                          	GLOBAL _strpbrk_callee
   300                          	GLOBAL _strpbrk
   301                          	GLOBAL _strnlen_callee
   302                          	GLOBAL _strnlen
   303                          	GLOBAL _strnicmp_callee
   304                          	GLOBAL _strnicmp
   305                          	GLOBAL _strndup_callee
   306                          	GLOBAL _strndup
   307                          	GLOBAL _strncpy_callee
   308                          	GLOBAL _strncpy
   309                          	GLOBAL _strncmp_callee
   310                          	GLOBAL _strncmp
   311                          	GLOBAL _strnchr_callee
   312                          	GLOBAL _strnchr
   313                          	GLOBAL _strncat_callee
   314                          	GLOBAL _strncat
   315                          	GLOBAL _strncasecmp_callee
   316                          	GLOBAL _strncasecmp
   317                          	GLOBAL _strlwr_fastcall
   318                          	GLOBAL _strlwr
   319                          	GLOBAL _strlen_fastcall
   320                          	GLOBAL _strlen
   321                          	GLOBAL _strlcpy_callee
   322                          	GLOBAL _strlcpy
   323                          	GLOBAL _strlcat_callee
   324                          	GLOBAL _strlcat
   325                          	GLOBAL _stricmp_callee
   326                          	GLOBAL _stricmp
   327                          	GLOBAL _strerror_fastcall
   328                          	GLOBAL _strerror
   329                          	GLOBAL _strdup_fastcall
   330                          	GLOBAL _strdup
   331                          	GLOBAL _strcspn_callee
   332                          	GLOBAL _strcspn
   333                          	GLOBAL _strcpy_callee
   334                          	GLOBAL _strcpy
   335                          	GLOBAL _strcoll_callee
   336                          	GLOBAL _strcoll
   337                          	GLOBAL _strcmp_callee
   338                          	GLOBAL _strcmp
   339                          	GLOBAL _strchrnul_callee
   340                          	GLOBAL _strchrnul
   341                          	GLOBAL _strchr_callee
   342                          	GLOBAL _strchr
   343                          	GLOBAL _strcat_callee
   344                          	GLOBAL _strcat
   345                          	GLOBAL _strcasecmp_callee
   346                          	GLOBAL _strcasecmp
   347                          	GLOBAL _stpncpy_callee
   348                          	GLOBAL _stpncpy
   349                          	GLOBAL _stpcpy_callee
   350                          	GLOBAL _stpcpy
   351                          	GLOBAL _memswap_callee
   352                          	GLOBAL _memswap
   353                          	GLOBAL _memset_wr_callee
   354                          	GLOBAL _memset_wr
   355                          	GLOBAL _memset_callee
   356                          	GLOBAL _memset
   357                          	GLOBAL _memrchr_callee
   358                          	GLOBAL _memrchr
   359                          	GLOBAL _memmove_callee
   360                          	GLOBAL _memmove
   361                          	GLOBAL _memmem_callee
   362                          	GLOBAL _memmem
   363                          	GLOBAL _memcpy_callee
   364                          	GLOBAL _memcpy
   365                          	GLOBAL _memcmp_callee
   366                          	GLOBAL _memcmp
   367                          	GLOBAL _memchr_callee
   368                          	GLOBAL _memchr
   369                          	GLOBAL _memccpy_callee
   370                          	GLOBAL _memccpy
   371                          	GLOBAL _ffsl_fastcall
   372                          	GLOBAL _ffsl
   373                          	GLOBAL _ffs_fastcall
   374                          	GLOBAL _ffs
   375                          	GLOBAL __strrstrip__fastcall
   376                          	GLOBAL __strrstrip_
   377                          	GLOBAL __memupr__callee
   378                          	GLOBAL __memupr_
   379                          	GLOBAL __memstrcpy__callee
   380                          	GLOBAL __memstrcpy_
   381                          	GLOBAL __memlwr__callee
   382                          	GLOBAL __memlwr_
   383                          	GLOBAL _rawmemchr_callee
   384                          	GLOBAL _rawmemchr
   385                          	GLOBAL _strnset_callee
   386                          	GLOBAL _strnset
   387                          	GLOBAL _strset_callee
   388                          	GLOBAL _strset
   389                          	GLOBAL _rindex_callee
   390                          	GLOBAL _rindex
   391                          	GLOBAL _index_callee
   392                          	GLOBAL _index
   393                          	GLOBAL _bzero_callee
   394                          	GLOBAL _bzero
   395                          	GLOBAL _bcopy_callee
   396                          	GLOBAL _bcopy
   397                          	GLOBAL _bcmp_callee
   398                          	GLOBAL _bcmp
   399                          	GLOBAL _zx_pattern_fill_callee
   400                          	GLOBAL _zx_pattern_fill
   401                          	GLOBAL _zx_saddrpup_fastcall
   402                          	GLOBAL _zx_saddrpup
   403                          	GLOBAL _zx_saddrpright_callee
   404                          	GLOBAL _zx_saddrpright
   405                          	GLOBAL _zx_saddrpleft_callee
   406                          	GLOBAL _zx_saddrpleft
   407                          	GLOBAL _zx_saddrpdown_fastcall
   408                          	GLOBAL _zx_saddrpdown
   409                          	GLOBAL _zx_saddrcup_fastcall
   410                          	GLOBAL _zx_saddrcup
   411                          	GLOBAL _zx_saddrcright_fastcall
   412                          	GLOBAL _zx_saddrcright
   413                          	GLOBAL _zx_saddrcleft_fastcall
   414                          	GLOBAL _zx_saddrcleft
   415                          	GLOBAL _zx_saddrcdown_fastcall
   416                          	GLOBAL _zx_saddrcdown
   417                          	GLOBAL _zx_saddr2py_fastcall
   418                          	GLOBAL _zx_saddr2py
   419                          	GLOBAL _zx_saddr2px_fastcall
   420                          	GLOBAL _zx_saddr2px
   421                          	GLOBAL _zx_saddr2cy_fastcall
   422                          	GLOBAL _zx_saddr2cy
   423                          	GLOBAL _zx_saddr2cx_fastcall
   424                          	GLOBAL _zx_saddr2cx
   425                          	GLOBAL _zx_saddr2aaddr_fastcall
   426                          	GLOBAL _zx_saddr2aaddr
   427                          	GLOBAL _zx_py2saddr_fastcall
   428                          	GLOBAL _zx_py2saddr
   429                          	GLOBAL _zx_py2aaddr_fastcall
   430                          	GLOBAL _zx_py2aaddr
   431                          	GLOBAL _zx_pxy2saddr_callee
   432                          	GLOBAL _zx_pxy2saddr
   433                          	GLOBAL _zx_pxy2aaddr_callee
   434                          	GLOBAL _zx_pxy2aaddr
   435                          	GLOBAL _zx_px2bitmask_fastcall
   436                          	GLOBAL _zx_px2bitmask
   437                          	GLOBAL _zx_cy2saddr_fastcall
   438                          	GLOBAL _zx_cy2saddr
   439                          	GLOBAL _zx_cy2aaddr_fastcall
   440                          	GLOBAL _zx_cy2aaddr
   441                          	GLOBAL _zx_cxy2saddr_callee
   442                          	GLOBAL _zx_cxy2saddr
   443                          	GLOBAL _zx_cxy2aaddr_callee
   444                          	GLOBAL _zx_cxy2aaddr
   445                          	GLOBAL _zx_bitmask2px_fastcall
   446                          	GLOBAL _zx_bitmask2px
   447                          	GLOBAL _zx_aaddrcup_fastcall
   448                          	GLOBAL _zx_aaddrcup
   449                          	GLOBAL _zx_aaddrcright_fastcall
   450                          	GLOBAL _zx_aaddrcright
   451                          	GLOBAL _zx_aaddrcleft_fastcall
   452                          	GLOBAL _zx_aaddrcleft
   453                          	GLOBAL _zx_aaddrcdown_fastcall
   454                          	GLOBAL _zx_aaddrcdown
   455                          	GLOBAL _zx_aaddr2saddr_fastcall
   456                          	GLOBAL _zx_aaddr2saddr
   457                          	GLOBAL _zx_aaddr2py_fastcall
   458                          	GLOBAL _zx_aaddr2py
   459                          	GLOBAL _zx_aaddr2px_fastcall
   460                          	GLOBAL _zx_aaddr2px
   461                          	GLOBAL _zx_aaddr2cy_fastcall
   462                          	GLOBAL _zx_aaddr2cy
   463                          	GLOBAL _zx_aaddr2cx_fastcall
   464                          	GLOBAL _zx_aaddr2cx
   465                          	GLOBAL _zx_visit_wc_pix_callee
   466                          	GLOBAL _zx_visit_wc_pix
   467                          	GLOBAL _zx_visit_wc_attr_callee
   468                          	GLOBAL _zx_visit_wc_attr
   469                          	GLOBAL _zx_scroll_wc_up_pix_callee
   470                          	GLOBAL _zx_scroll_wc_up_pix
   471                          	GLOBAL _zx_scroll_wc_up_attr_callee
   472                          	GLOBAL _zx_scroll_wc_up_attr
   473                          	GLOBAL _zx_scroll_wc_up_callee
   474                          	GLOBAL _zx_scroll_wc_up
   475                          	GLOBAL _zx_scroll_up_pix_callee
   476                          	GLOBAL _zx_scroll_up_pix
   477                          	GLOBAL _zx_scroll_up_attr_callee
   478                          	GLOBAL _zx_scroll_up_attr
   479                          	GLOBAL _zx_scroll_up_callee
   480                          	GLOBAL _zx_scroll_up
   481                          	GLOBAL _zx_cls_wc_pix_callee
   482                          	GLOBAL _zx_cls_wc_pix
   483                          	GLOBAL _zx_cls_wc_attr_callee
   484                          	GLOBAL _zx_cls_wc_attr
   485                          	GLOBAL _zx_cls_wc_callee
   486                          	GLOBAL _zx_cls_wc
   487                          	GLOBAL _zx_cls_pix_fastcall
   488                          	GLOBAL _zx_cls_pix
   489                          	GLOBAL _zx_cls_attr_fastcall
   490                          	GLOBAL _zx_cls_attr
   491                          	GLOBAL _zx_cls_fastcall
   492                          	GLOBAL _zx_cls
   493                          	GLOBAL _zx_border_fastcall
   494                          	GLOBAL _zx_border
   495                          	GLOBAL _zx_tape_verify_block_callee
   496                          	GLOBAL _zx_tape_verify_block
   497                          	GLOBAL _zx_tape_save_block_callee
   498                          	GLOBAL _zx_tape_save_block
   499                          	GLOBAL _zx_tape_load_block_callee
   500                          	GLOBAL _zx_tape_load_block
   501                          	GLOBAL _GLOBAL_ZX_PORT_7FFD
   502                          	GLOBAL _GLOBAL_ZX_PORT_1FFD
   503                          	GLOBAL _GLOBAL_ZX_PORT_FE
   504                          ;--------------------------------------------------------
   505                          ; special function registers
   506                          ;--------------------------------------------------------
   507                          defc _IO_FE	=	0x00fe
   508                          defc _IO_1FFD	=	0x1ffd
   509                          defc _IO_7FFD	=	0x7ffd
   510                          ;--------------------------------------------------------
   511                          ; ram data
   512                          ;--------------------------------------------------------
   513                          	SECTION bss_compiler
   514                          ;--------------------------------------------------------
   515                          ; ram data
   516                          ;--------------------------------------------------------
   517                          
   518                          IF 0
   519                          
   520                          ; .area _INITIALIZED removed by z88dk
   521                          
   522                          
   523                          ENDIF
   524                          
   525                          ;--------------------------------------------------------
   526                          ; absolute external ram data
   527                          ;--------------------------------------------------------
   528                          	SECTION IGNORE
   529                          ;--------------------------------------------------------
   530                          ; global & static initialisations
   531                          ;--------------------------------------------------------
   532                          	SECTION code_crt_init
   533                          ;--------------------------------------------------------
   534                          ; Home
   535                          ;--------------------------------------------------------
   536                          	SECTION IGNORE
   537                          ;--------------------------------------------------------
   538                          ; code
   539                          ;--------------------------------------------------------
   540                          	SECTION code_compiler
   541                          ;switcher.c:14: void main(void)
   542                          ;	---------------------------------
   543                          ; Function main
   544                          ; ---------------------------------
   545                          _main:
   546                          ;switcher.c:17: uint8_t blink = 0;
   547  0000  af                	xor	a, a
   548                          ;switcher.c:19: while(1)
   549                          l_main_00105:
   550                          ;switcher.c:21: if( blink)
   551  0001  b7                	or	a, a
   552  0002  2807              	jr	Z,l_main_00102
   553                          ;switcher.c:22: *screen_addr = (PAPER_WHITE|INK_BLACK);
   554  0004  210058            	ld	hl,0x5800
   555  0007  3638              	ld	(hl),0x38
   556  0009  1805              	jr	l_main_00103
   557                          l_main_00102:
   558                          ;switcher.c:24: *screen_addr = (PAPER_GREEN|INK_WHITE);
   559  000b  210058            	ld	hl,0x5800
   560  000e  3627              	ld	(hl),0x27
   561                          l_main_00103:
   562                          ;switcher.c:26: blink = !blink;
   563  0010  d601              	sub	a,0x01
   564  0012  3e00              	ld	a,0x00
   565  0014  17                	rla
   566                          ;switcher.c:28: }
   567  0015  18ea              	jr	l_main_00105
   568                          	SECTION IGNORE
   569                          
